[06/12/26 15:54:07] INFO     Processing request of type           server.py:727
                             CallToolRequest                                   
                    INFO     response:                               lib.rs:444
                             https://grokipedia.com/api/typeahead?qu           
                             ery=current+population+of+Tokyo+2024+20           
                             25&limit=1 200                                    
                    INFO     response:                               lib.rs:444
                             https://en.wikipedia.org/w/api.php?acti           
                             on=opensearch&profile=fuzzy&limit=1&sea           
                             rch=current%20population%20of%20Tokyo%2           
                             02024%202025 200                                  
[06/12/26 15:54:08] INFO     response:                               lib.rs:444
                             https://yandex.com/search/site/?text=cu           
                             rrent+population+of+Tokyo+2024+2025&web           
                             =1&searchid=8051928 200                           
                    INFO     Processing request of type           server.py:727
                             ListToolsRequest                                  
[06/12/26 15:54:11] INFO     Processing request of type           server.py:727
                             CallToolRequest                                   
                    INFO     response:                               lib.rs:444
                             https://grokipedia.com/api/typeahead?qu           
                             ery=current+population+of+Cairo+2024+20           
                             25&limit=1 200                                    
                    INFO     response:                               lib.rs:444
                             https://en.wikipedia.org/w/api.php?acti           
                             on=opensearch&profile=fuzzy&limit=1&sea           
                             rch=current%20population%20of%20Cairo%2           
                             02024%202025 200                                  
[06/12/26 15:54:12] INFO     response:                               lib.rs:444
                             https://search.brave.com/search?q=curre           
                             nt+population+of+Cairo+2024+2025&source           
                             =web 200                                          
                    INFO     Processing request of type           server.py:727
                             ListToolsRequest                                  
[06/12/26 15:54:15] INFO     Processing request of type           server.py:727
                             CallToolRequest                                   
                    INFO     response:                               lib.rs:444
                             https://en.wikipedia.org/w/api.php?acti           
                             on=opensearch&profile=fuzzy&limit=1&sea           
                             rch=current%20population%20of%20Delhi%2           
                             02024%202025 200                                  
                    INFO     response:                               lib.rs:444
                             https://grokipedia.com/api/typeahead?qu           
                             ery=current+population+of+Delhi+2024+20           
                             25&limit=1 200                                    
[06/12/26 15:54:16] INFO     response:                               lib.rs:444
                             https://www.google.com/search?q=current           
                             +population+of+Delhi+2024+2025&filter=1           
                             &start=0&hl=en-US&lr=lang_en&cr=country           
                             US 200                                            
                    INFO     Processing request of type           server.py:727
                             ListToolsRequest                                  
[06/12/26 15:54:19] INFO     Processing request of type           server.py:727
                             CallToolRequest                                   
[06/12/26 15:54:24] INFO     Processing request of type           server.py:727
                             CallToolRequest                                   
Exception ignored in: <function _ProactorBasePipeTransport.__del__ at 0x000001EF569056C0>
Traceback (most recent call last):
  File "C:\Users\gupta\AppData\Roaming\uv\python\cpython-3.11.11-windows-x86_64-none\Lib\asyncio\proactor_events.py", line 116, in __del__
    _warn(f"unclosed transport {self!r}", ResourceWarning, source=self)
          ^^^^^^^^^^^^^^^^^^^^^^^^^^^^^^
  File "C:\Users\gupta\AppData\Roaming\uv\python\cpython-3.11.11-windows-x86_64-none\Lib\asyncio\proactor_events.py", line 80, in __repr__
    info.append(f'fd={self._sock.fileno()}')
                      ^^^^^^^^^^^^^^^^^^^
  File "C:\Users\gupta\AppData\Roaming\uv\python\cpython-3.11.11-windows-x86_64-none\Lib\asyncio\windows_utils.py", line 102, in fileno
    raise ValueError("I/O operation on closed pipe")
ValueError: I/O operation on closed pipe
Exception ignored in: <function BaseSubprocessTransport.__del__ at 0x000001EF568E7E20>
Traceback (most recent call last):
  File "C:\Users\gupta\AppData\Roaming\uv\python\cpython-3.11.11-windows-x86_64-none\Lib\asyncio\base_subprocess.py", line 125, in __del__
    _warn(f"unclosed transport {self!r}", ResourceWarning, source=self)
          ^^^^^^^^^^^^^^^^^^^^^^^^^^^^^^
  File "C:\Users\gupta\AppData\Roaming\uv\python\cpython-3.11.11-windows-x86_64-none\Lib\asyncio\base_subprocess.py", line 70, in __repr__
    info.append(f'stdin={stdin.pipe}')
                ^^^^^^^^^^^^^^^^^^^^^
  File "C:\Users\gupta\AppData\Roaming\uv\python\cpython-3.11.11-windows-x86_64-none\Lib\asyncio\proactor_events.py", line 80, in __repr__
    info.append(f'fd={self._sock.fileno()}')
                      ^^^^^^^^^^^^^^^^^^^
  File "C:\Users\gupta\AppData\Roaming\uv\python\cpython-3.11.11-windows-x86_64-none\Lib\asyncio\windows_utils.py", line 102, in fileno
    raise ValueError("I/O operation on closed pipe")
ValueError: I/O operation on closed pipe
Exception ignored in: <function _ProactorBasePipeTransport.__del__ at 0x000001EF569056C0>
Traceback (most recent call last):
  File "C:\Users\gupta\AppData\Roaming\uv\python\cpython-3.11.11-windows-x86_64-none\Lib\asyncio\proactor_events.py", line 116, in __del__
    _warn(f"unclosed transport {self!r}", ResourceWarning, source=self)
          ^^^^^^^^^^^^^^^^^^^^^^^^^^^^^^
  File "C:\Users\gupta\AppData\Roaming\uv\python\cpython-3.11.11-windows-x86_64-none\Lib\asyncio\proactor_events.py", line 80, in __repr__
    info.append(f'fd={self._sock.fileno()}')
                      ^^^^^^^^^^^^^^^^^^^
  File "C:\Users\gupta\AppData\Roaming\uv\python\cpython-3.11.11-windows-x86_64-none\Lib\asyncio\windows_utils.py", line 102, in fileno
    raise ValueError("I/O operation on closed pipe")
ValueError: I/O operation on closed pipe
Exception ignored in: <function _ProactorBasePipeTransport.__del__ at 0x000001EF569056C0>
Traceback (most recent call last):
  File "C:\Users\gupta\AppData\Roaming\uv\python\cpython-3.11.11-windows-x86_64-none\Lib\asyncio\proactor_events.py", line 116, in __del__
    _warn(f"unclosed transport {self!r}", ResourceWarning, source=self)
          ^^^^^^^^^^^^^^^^^^^^^^^^^^^^^^
  File "C:\Users\gupta\AppData\Roaming\uv\python\cpython-3.11.11-windows-x86_64-none\Lib\asyncio\proactor_events.py", line 80, in __repr__
    info.append(f'fd={self._sock.fileno()}')
                      ^^^^^^^^^^^^^^^^^^^
  File "C:\Users\gupta\AppData\Roaming\uv\python\cpython-3.11.11-windows-x86_64-none\Lib\asyncio\windows_utils.py", line 102, in fileno
    raise ValueError("I/O operation on closed pipe")
ValueError: I/O operation on closed pipe
Exception ignored in: <function BaseSubprocessTransport.__del__ at 0x000001EF568E7E20>
Traceback (most recent call last):
  File "C:\Users\gupta\AppData\Roaming\uv\python\cpython-3.11.11-windows-x86_64-none\Lib\asyncio\base_subprocess.py", line 125, in __del__
    _warn(f"unclosed transport {self!r}", ResourceWarning, source=self)
          ^^^^^^^^^^^^^^^^^^^^^^^^^^^^^^
  File "C:\Users\gupta\AppData\Roaming\uv\python\cpython-3.11.11-windows-x86_64-none\Lib\asyncio\base_subprocess.py", line 70, in __repr__
    info.append(f'stdin={stdin.pipe}')
                ^^^^^^^^^^^^^^^^^^^^^
  File "C:\Users\gupta\AppData\Roaming\uv\python\cpython-3.11.11-windows-x86_64-none\Lib\asyncio\proactor_events.py", line 80, in __repr__
    info.append(f'fd={self._sock.fileno()}')
                      ^^^^^^^^^^^^^^^^^^^
  File "C:\Users\gupta\AppData\Roaming\uv\python\cpython-3.11.11-windows-x86_64-none\Lib\asyncio\windows_utils.py", line 102, in fileno
    raise ValueError("I/O operation on closed pipe")
ValueError: I/O operation on closed pipe
Exception ignored in: <function _ProactorBasePipeTransport.__del__ at 0x000001EF569056C0>
Traceback (most recent call last):
  File "C:\Users\gupta\AppData\Roaming\uv\python\cpython-3.11.11-windows-x86_64-none\Lib\asyncio\proactor_events.py", line 116, in __del__
    _warn(f"unclosed transport {self!r}", ResourceWarning, source=self)
          ^^^^^^^^^^^^^^^^^^^^^^^^^^^^^^
  File "C:\Users\gupta\AppData\Roaming\uv\python\cpython-3.11.11-windows-x86_64-none\Lib\asyncio\proactor_events.py", line 80, in __repr__
    info.append(f'fd={self._sock.fileno()}')
                      ^^^^^^^^^^^^^^^^^^^
  File "C:\Users\gupta\AppData\Roaming\uv\python\cpython-3.11.11-windows-x86_64-none\Lib\asyncio\windows_utils.py", line 102, in fileno
    raise ValueError("I/O operation on closed pipe")
ValueError: I/O operation on closed pipe
[06/12/26 15:54:35] INFO     Processing request of type           server.py:727
                             CallToolRequest                                   
Exception ignored in: <function _ProactorBasePipeTransport.__del__ at 0x000001D43F3856C0>
Traceback (most recent call last):
  File "C:\Users\gupta\AppData\Roaming\uv\python\cpython-3.11.11-windows-x86_64-none\Lib\asyncio\proactor_events.py", line 116, in __del__
    _warn(f"unclosed transport {self!r}", ResourceWarning, source=self)
          ^^^^^^^^^^^^^^^^^^^^^^^^^^^^^^
  File "C:\Users\gupta\AppData\Roaming\uv\python\cpython-3.11.11-windows-x86_64-none\Lib\asyncio\proactor_events.py", line 80, in __repr__
    info.append(f'fd={self._sock.fileno()}')
                      ^^^^^^^^^^^^^^^^^^^
  File "C:\Users\gupta\AppData\Roaming\uv\python\cpython-3.11.11-windows-x86_64-none\Lib\asyncio\windows_utils.py", line 102, in fileno
    raise ValueError("I/O operation on closed pipe")
ValueError: I/O operation on closed pipe
Exception ignored in: <function BaseSubprocessTransport.__del__ at 0x000001D43F367E20>
Traceback (most recent call last):
  File "C:\Users\gupta\AppData\Roaming\uv\python\cpython-3.11.11-windows-x86_64-none\Lib\asyncio\base_subprocess.py", line 125, in __del__
    _warn(f"unclosed transport {self!r}", ResourceWarning, source=self)
          ^^^^^^^^^^^^^^^^^^^^^^^^^^^^^^
  File "C:\Users\gupta\AppData\Roaming\uv\python\cpython-3.11.11-windows-x86_64-none\Lib\asyncio\base_subprocess.py", line 70, in __repr__
    info.append(f'stdin={stdin.pipe}')
                ^^^^^^^^^^^^^^^^^^^^^
  File "C:\Users\gupta\AppData\Roaming\uv\python\cpython-3.11.11-windows-x86_64-none\Lib\asyncio\proactor_events.py", line 80, in __repr__
    info.append(f'fd={self._sock.fileno()}')
                      ^^^^^^^^^^^^^^^^^^^
  File "C:\Users\gupta\AppData\Roaming\uv\python\cpython-3.11.11-windows-x86_64-none\Lib\asyncio\windows_utils.py", line 102, in fileno
    raise ValueError("I/O operation on closed pipe")
ValueError: I/O operation on closed pipe
Exception ignored in: <function _ProactorBasePipeTransport.__del__ at 0x000001D43F3856C0>
Traceback (most recent call last):
  File "C:\Users\gupta\AppData\Roaming\uv\python\cpython-3.11.11-windows-x86_64-none\Lib\asyncio\proactor_events.py", line 116, in __del__
    _warn(f"unclosed transport {self!r}", ResourceWarning, source=self)
          ^^^^^^^^^^^^^^^^^^^^^^^^^^^^^^
  File "C:\Users\gupta\AppData\Roaming\uv\python\cpython-3.11.11-windows-x86_64-none\Lib\asyncio\proactor_events.py", line 80, in __repr__
    info.append(f'fd={self._sock.fileno()}')
                      ^^^^^^^^^^^^^^^^^^^
  File "C:\Users\gupta\AppData\Roaming\uv\python\cpython-3.11.11-windows-x86_64-none\Lib\asyncio\windows_utils.py", line 102, in fileno
    raise ValueError("I/O operation on closed pipe")
ValueError: I/O operation on closed pipe
