[06/12/26 15:58:14] INFO     Processing request of type           server.py:727
                             CallToolRequest                                   
[06/12/26 15:58:15] INFO     response:                               lib.rs:444
                             https://en.wikipedia.org/w/api.php?acti           
                             on=opensearch&profile=fuzzy&limit=1&sea           
                             rch=current%20population%20and%20annual           
                             %20growth%20rate%20of%20Kinshasa%202024           
                             %202025 200                                       
                    INFO     response:                               lib.rs:444
                             https://grokipedia.com/api/typeahead?qu           
                             ery=current+population+and+annual+growt           
                             h+rate+of+Kinshasa+2024+2025&limit=1              
                             200                                               
                    INFO     response:                               lib.rs:444
                             https://www.google.com/search?q=current           
                             +population+and+annual+growth+rate+of+K           
                             inshasa+2024+2025&filter=1&start=0&hl=e           
                             n-US&lr=lang_en&cr=countryUS 200                  
                    INFO     Processing request of type           server.py:727
                             ListToolsRequest                                  
[06/12/26 15:58:18] INFO     Processing request of type           server.py:727
                             CallToolRequest                                   
[06/12/26 15:58:19] INFO     response:                               lib.rs:444
                             https://en.wikipedia.org/w/api.php?acti           
                             on=opensearch&profile=fuzzy&limit=1&sea           
                             rch=current%20population%20and%20annual           
                             %20growth%20rate%20of%20Lagos%202024%20           
                             2025 200                                          
                    INFO     response:                               lib.rs:444
                             https://grokipedia.com/api/typeahead?qu           
                             ery=current+population+and+annual+growt           
                             h+rate+of+Lagos+2024+2025&limit=1 200             
[06/12/26 15:58:20] INFO     response:                               lib.rs:444
                             https://yandex.com/search/site/?text=cu           
                             rrent+population+and+annual+growth+rate           
                             +of+Lagos+2024+2025&web=1&searchid=6563           
                             940 200                                           
                    INFO     Processing request of type           server.py:727
                             ListToolsRequest                                  
[06/12/26 15:58:22] INFO     Processing request of type           server.py:727
                             CallToolRequest                                   
[06/12/26 15:58:23] INFO     response:                               lib.rs:444
                             https://grokipedia.com/api/typeahead?qu           
                             ery=current+population+and+annual+growt           
                             h+rate+of+Cairo+2024+2025&limit=1 200             
                    INFO     response:                               lib.rs:444
                             https://en.wikipedia.org/w/api.php?acti           
                             on=opensearch&profile=fuzzy&limit=1&sea           
                             rch=current%20population%20and%20annual           
                             %20growth%20rate%20of%20Cairo%202024%20           
                             2025 200                                          
                    INFO     HTTP Request: POST                 _client.py:1025
                             https://html.duckduckgo.com/html/                 
                             "HTTP/2 202 Accepted"                             
                    INFO     response:                               lib.rs:444
                             https://search.yahoo.com/search;_ylt=8F           
                             nvkb8pZkA3lTra29jT1tmc;_ylu=Yv_12eItDiw           
                             mopmgzt8yfq_GDbwmGSWonIWM6gGvau9Obyc?p=           
                             current+population+and+annual+growth+ra           
                             te+of+Cairo+2024+2025 200                         
[06/12/26 15:58:24] INFO     Processing request of type           server.py:727
                             ListToolsRequest                                  
[06/12/26 15:58:26] INFO     Processing request of type           server.py:727
                             CallToolRequest                                   
[06/12/26 15:58:35] INFO     Processing request of type           server.py:727
                             CallToolRequest                                   
                    INFO     response:                               lib.rs:444
                             https://grokipedia.com/api/typeahead?qu           
                             ery=current+population+and+annual+growt           
                             h+rate+of+Lagos+city+2024+2025&limit=1            
                             200                                               
                    INFO     response:                               lib.rs:444
                             https://en.wikipedia.org/w/api.php?acti           
                             on=opensearch&profile=fuzzy&limit=1&sea           
                             rch=current%20population%20and%20annual           
                             %20growth%20rate%20of%20Lagos%20city%20           
                             2024%202025 200                                   
                    INFO     response: https://www.startpage.com/    lib.rs:444
                             200                                               
[06/12/26 15:58:36] INFO     response:                               lib.rs:444
                             https://www.startpage.com/sp/search 200           
[06/12/26 15:58:39] INFO     Processing request of type           server.py:727
                             CallToolRequest                                   
Exception ignored in: <function _ProactorBasePipeTransport.__del__ at 0x000001C2E43856C0>
Traceback (most recent call last):
  File "C:\Users\gupta\AppData\Roaming\uv\python\cpython-3.11.11-windows-x86_64-none\Lib\asyncio\proactor_events.py", line 116, in __del__
    _warn(f"unclosed transport {self!r}", ResourceWarning, source=self)
          ^^^^^^^^^^^^^^^^^^^^^^^^^^^^^^
  File "C:\Users\gupta\AppData\Roaming\uv\python\cpython-3.11.11-windows-x86_64-none\Lib\asyncio\proactor_events.py", line 80, in __repr__
    info.append(f'fd={self._sock.fileno()}')
                      ^^^^^^^^^^^^^^^^^^^
  File "C:\Users\gupta\AppData\Roaming\uv\python\cpython-3.11.11-windows-x86_64-none\Lib\asyncio\windows_utils.py", line 102, in fileno
    raise ValueError("I/O operation on closed pipe")
ValueError: I/O operation on closed pipe
Exception ignored in: <function BaseSubprocessTransport.__del__ at 0x000001C2E4367E20>
Traceback (most recent call last):
  File "C:\Users\gupta\AppData\Roaming\uv\python\cpython-3.11.11-windows-x86_64-none\Lib\asyncio\base_subprocess.py", line 125, in __del__
    _warn(f"unclosed transport {self!r}", ResourceWarning, source=self)
          ^^^^^^^^^^^^^^^^^^^^^^^^^^^^^^
  File "C:\Users\gupta\AppData\Roaming\uv\python\cpython-3.11.11-windows-x86_64-none\Lib\asyncio\base_subprocess.py", line 70, in __repr__
    info.append(f'stdin={stdin.pipe}')
                ^^^^^^^^^^^^^^^^^^^^^
  File "C:\Users\gupta\AppData\Roaming\uv\python\cpython-3.11.11-windows-x86_64-none\Lib\asyncio\proactor_events.py", line 80, in __repr__
    info.append(f'fd={self._sock.fileno()}')
                      ^^^^^^^^^^^^^^^^^^^
  File "C:\Users\gupta\AppData\Roaming\uv\python\cpython-3.11.11-windows-x86_64-none\Lib\asyncio\windows_utils.py", line 102, in fileno
    raise ValueError("I/O operation on closed pipe")
ValueError: I/O operation on closed pipe
Exception ignored in: <function _ProactorBasePipeTransport.__del__ at 0x000001C2E43856C0>
Traceback (most recent call last):
  File "C:\Users\gupta\AppData\Roaming\uv\python\cpython-3.11.11-windows-x86_64-none\Lib\asyncio\proactor_events.py", line 116, in __del__
    _warn(f"unclosed transport {self!r}", ResourceWarning, source=self)
          ^^^^^^^^^^^^^^^^^^^^^^^^^^^^^^
  File "C:\Users\gupta\AppData\Roaming\uv\python\cpython-3.11.11-windows-x86_64-none\Lib\asyncio\proactor_events.py", line 80, in __repr__
    info.append(f'fd={self._sock.fileno()}')
                      ^^^^^^^^^^^^^^^^^^^
  File "C:\Users\gupta\AppData\Roaming\uv\python\cpython-3.11.11-windows-x86_64-none\Lib\asyncio\windows_utils.py", line 102, in fileno
    raise ValueError("I/O operation on closed pipe")
ValueError: I/O operation on closed pipe
[06/12/26 15:58:47] INFO     Processing request of type           server.py:727
                             CallToolRequest                                   
Exception ignored in: <function _ProactorBasePipeTransport.__del__ at 0x000002A3D84256C0>
Traceback (most recent call last):
  File "C:\Users\gupta\AppData\Roaming\uv\python\cpython-3.11.11-windows-x86_64-none\Lib\asyncio\proactor_events.py", line 116, in __del__
    _warn(f"unclosed transport {self!r}", ResourceWarning, source=self)
          ^^^^^^^^^^^^^^^^^^^^^^^^^^^^^^
  File "C:\Users\gupta\AppData\Roaming\uv\python\cpython-3.11.11-windows-x86_64-none\Lib\asyncio\proactor_events.py", line 80, in __repr__
    info.append(f'fd={self._sock.fileno()}')
                      ^^^^^^^^^^^^^^^^^^^
  File "C:\Users\gupta\AppData\Roaming\uv\python\cpython-3.11.11-windows-x86_64-none\Lib\asyncio\windows_utils.py", line 102, in fileno
    raise ValueError("I/O operation on closed pipe")
ValueError: I/O operation on closed pipe
Exception ignored in: <function BaseSubprocessTransport.__del__ at 0x000002A3D8407E20>
Traceback (most recent call last):
  File "C:\Users\gupta\AppData\Roaming\uv\python\cpython-3.11.11-windows-x86_64-none\Lib\asyncio\base_subprocess.py", line 125, in __del__
    _warn(f"unclosed transport {self!r}", ResourceWarning, source=self)
          ^^^^^^^^^^^^^^^^^^^^^^^^^^^^^^
  File "C:\Users\gupta\AppData\Roaming\uv\python\cpython-3.11.11-windows-x86_64-none\Lib\asyncio\base_subprocess.py", line 70, in __repr__
    info.append(f'stdin={stdin.pipe}')
                ^^^^^^^^^^^^^^^^^^^^^
  File "C:\Users\gupta\AppData\Roaming\uv\python\cpython-3.11.11-windows-x86_64-none\Lib\asyncio\proactor_events.py", line 80, in __repr__
    info.append(f'fd={self._sock.fileno()}')
                      ^^^^^^^^^^^^^^^^^^^
  File "C:\Users\gupta\AppData\Roaming\uv\python\cpython-3.11.11-windows-x86_64-none\Lib\asyncio\windows_utils.py", line 102, in fileno
    raise ValueError("I/O operation on closed pipe")
ValueError: I/O operation on closed pipe
Exception ignored in: <function _ProactorBasePipeTransport.__del__ at 0x000002A3D84256C0>
Traceback (most recent call last):
  File "C:\Users\gupta\AppData\Roaming\uv\python\cpython-3.11.11-windows-x86_64-none\Lib\asyncio\proactor_events.py", line 116, in __del__
    _warn(f"unclosed transport {self!r}", ResourceWarning, source=self)
          ^^^^^^^^^^^^^^^^^^^^^^^^^^^^^^
  File "C:\Users\gupta\AppData\Roaming\uv\python\cpython-3.11.11-windows-x86_64-none\Lib\asyncio\proactor_events.py", line 80, in __repr__
    info.append(f'fd={self._sock.fileno()}')
                      ^^^^^^^^^^^^^^^^^^^
  File "C:\Users\gupta\AppData\Roaming\uv\python\cpython-3.11.11-windows-x86_64-none\Lib\asyncio\windows_utils.py", line 102, in fileno
    raise ValueError("I/O operation on closed pipe")
ValueError: I/O operation on closed pipe
