
══════════════════════════════════════════════════════════════════════════════
session s8-7fabd683  ─  query: For Lagos, Cairo, and Kinshasa, find current populations and growth rates and tell me which is growing fastest.
══════════════════════════════════════════════════════════════════════════════
[memory.read] 5 hit(s) visible to every skill this run
[n:1] planner            complete (3.9s)
[n:2] researcher         complete (30.0s)
[n:3] researcher         complete (24.8s)
[n:4] researcher         complete (41.0s)
[n:5] coder              complete (3.6s)
[n:6] formatter          complete (3.9s)
[n:7] sandbox_executor   complete (0.0s)

══════════════════════════════════════════════════════════════════════════════
FINAL: As of 2026, here is the population and growth rate data for the three cities:

| City | Estimated Population | Annual Growth Rate |
| :--- | :--- | :--- |
| Lagos | ~17.8 million | 3.78% |
| Cairo | ~10.1 million | ~1.47% – 1.57% |
| Kinshasa | ~21.8 million | ~5.13% |

Based on this data, Kinshasa is the fastest-growing city among the three, with an estimated annual growth rate of approximately 5.13%.
══════════════════════════════════════════════════════════════════════════════

