[06/12/26 16:17:18] INFO     Processing request of type           server.py:727
                             CallToolRequest                                   
[06/12/26 16:17:20] INFO     HTTP Request: GET                  _client.py:1025
                             http://localhost:8108/v1/routers                  
                             "HTTP/1.1 200 OK"                                 
[06/12/26 16:17:24] INFO     HTTP Request: POST                 _client.py:1025
                             http://localhost:8108/v1/embed                    
                             "HTTP/1.1 200 OK"                                 
                    INFO     Processing request of type           server.py:727
                             ListToolsRequest                                  
[06/12/26 16:17:27] INFO     Processing request of type           server.py:727
                             CallToolRequest                                   
[06/12/26 16:17:29] INFO     HTTP Request: GET                  _client.py:1025
                             http://localhost:8108/v1/routers                  
                             "HTTP/1.1 200 OK"                                 
[06/12/26 16:17:33] INFO     HTTP Request: POST                 _client.py:1025
                             http://localhost:8108/v1/embed                    
                             "HTTP/1.1 200 OK"                                 
[06/12/26 16:17:42] INFO     Processing request of type           server.py:727
                             CallToolRequest                                   
[06/12/26 16:17:43] INFO     response:                               lib.rs:444
                             https://grokipedia.com/api/typeahead?qu           
                             ery=Lyon+France+population+founded+year           
                             +sister+cities&limit=1 200                        
                    INFO     response:                               lib.rs:444
                             https://en.wikipedia.org/w/api.php?acti           
                             on=opensearch&profile=fuzzy&limit=1&sea           
                             rch=Lyon%20France%20population%20founde           
                             d%20year%20sister%20cities 200                    
[06/12/26 16:17:44] INFO     response:                               lib.rs:444
                             https://yandex.com/search/site/?text=Ly           
                             on+France+population+founded+year+siste           
                             r+cities&web=1&searchid=6001244 200               
                    INFO     Processing request of type           server.py:727
                             ListToolsRequest                                  
[06/12/26 16:17:46] INFO     Processing request of type           server.py:727
                             CallToolRequest                                   
[06/12/26 16:17:47] INFO     response:                               lib.rs:444
                             https://en.wikipedia.org/w/api.php?acti           
                             on=opensearch&profile=fuzzy&limit=1&sea           
                             rch=Lyon%20France%20founded%20year%20si           
                             ster%20cities%20official%20website 200            
[06/12/26 16:17:48] INFO     response:                               lib.rs:444
                             https://grokipedia.com/api/typeahead?qu           
                             ery=Lyon+France+founded+year+sister+cit           
                             ies+official+website&limit=1 200                  
[06/12/26 16:17:49] INFO     response:                               lib.rs:444
                             https://yandex.com/search/site/?text=Ly           
                             on+France+founded+year+sister+cities+of           
                             ficial+website&web=1&searchid=5495567             
                             200                                               
[06/12/26 16:17:52] INFO     Processing request of type           server.py:727
                             CallToolRequest                                   
                    INFO     response:                               lib.rs:444
                             https://en.wikipedia.org/w/api.php?acti           
                             on=opensearch&profile=fuzzy&limit=1&sea           
                             rch=%22Lyon%22%20%22founded%22%20%22sis           
                             ter%20cities%22%20population 200                  
                    INFO     response:                               lib.rs:444
                             https://grokipedia.com/api/typeahead?qu           
                             ery=%22Lyon%22+%22founded%22+%22sister+           
                             cities%22+population&limit=1 200                  
                    INFO     response: https://www.startpage.com/    lib.rs:444
                             200                                               
[06/12/26 16:17:53] INFO     response:                               lib.rs:444
                             https://www.startpage.com/sp/search 200           
[06/12/26 16:17:56] INFO     Processing request of type           server.py:727
                             CallToolRequest                                   
Exception ignored in: <function _ProactorBasePipeTransport.__del__ at 0x00000220C89256C0>
Traceback (most recent call last):
  File "C:\Users\gupta\AppData\Roaming\uv\python\cpython-3.11.11-windows-x86_64-none\Lib\asyncio\proactor_events.py", line 116, in __del__
    _warn(f"unclosed transport {self!r}", ResourceWarning, source=self)
          ^^^^^^^^^^^^^^^^^^^^^^^^^^^^^^
  File "C:\Users\gupta\AppData\Roaming\uv\python\cpython-3.11.11-windows-x86_64-none\Lib\asyncio\proactor_events.py", line 80, in __repr__
    info.append(f'fd={self._sock.fileno()}')
                      ^^^^^^^^^^^^^^^^^^^
  File "C:\Users\gupta\AppData\Roaming\uv\python\cpython-3.11.11-windows-x86_64-none\Lib\asyncio\windows_utils.py", line 102, in fileno
    raise ValueError("I/O operation on closed pipe")
ValueError: I/O operation on closed pipe
Exception ignored in: <function BaseSubprocessTransport.__del__ at 0x00000220C8907E20>
Traceback (most recent call last):
  File "C:\Users\gupta\AppData\Roaming\uv\python\cpython-3.11.11-windows-x86_64-none\Lib\asyncio\base_subprocess.py", line 125, in __del__
    _warn(f"unclosed transport {self!r}", ResourceWarning, source=self)
          ^^^^^^^^^^^^^^^^^^^^^^^^^^^^^^
  File "C:\Users\gupta\AppData\Roaming\uv\python\cpython-3.11.11-windows-x86_64-none\Lib\asyncio\base_subprocess.py", line 70, in __repr__
    info.append(f'stdin={stdin.pipe}')
                ^^^^^^^^^^^^^^^^^^^^^
  File "C:\Users\gupta\AppData\Roaming\uv\python\cpython-3.11.11-windows-x86_64-none\Lib\asyncio\proactor_events.py", line 80, in __repr__
    info.append(f'fd={self._sock.fileno()}')
                      ^^^^^^^^^^^^^^^^^^^
  File "C:\Users\gupta\AppData\Roaming\uv\python\cpython-3.11.11-windows-x86_64-none\Lib\asyncio\windows_utils.py", line 102, in fileno
    raise ValueError("I/O operation on closed pipe")
ValueError: I/O operation on closed pipe
Exception ignored in: <function _ProactorBasePipeTransport.__del__ at 0x00000220C89256C0>
Traceback (most recent call last):
  File "C:\Users\gupta\AppData\Roaming\uv\python\cpython-3.11.11-windows-x86_64-none\Lib\asyncio\proactor_events.py", line 116, in __del__
    _warn(f"unclosed transport {self!r}", ResourceWarning, source=self)
          ^^^^^^^^^^^^^^^^^^^^^^^^^^^^^^
  File "C:\Users\gupta\AppData\Roaming\uv\python\cpython-3.11.11-windows-x86_64-none\Lib\asyncio\proactor_events.py", line 80, in __repr__
    info.append(f'fd={self._sock.fileno()}')
                      ^^^^^^^^^^^^^^^^^^^
  File "C:\Users\gupta\AppData\Roaming\uv\python\cpython-3.11.11-windows-x86_64-none\Lib\asyncio\windows_utils.py", line 102, in fileno
    raise ValueError("I/O operation on closed pipe")
ValueError: I/O operation on closed pipe
[06/12/26 16:18:11] INFO     Processing request of type           server.py:727
                             CallToolRequest                                   
                    INFO     response:                               lib.rs:444
                             https://en.wikipedia.org/w/api.php?acti           
                             on=opensearch&profile=fuzzy&limit=1&sea           
                             rch=Lyon%20France%20population%20founde           
                             d%20year%20sister%20cities 200                    
                    INFO     response:                               lib.rs:444
                             https://grokipedia.com/api/typeahead?qu           
                             ery=Lyon+France+population+founded+year           
                             +sister+cities&limit=1 200                        
                    INFO     response:                               lib.rs:444
                             https://search.yahoo.com/search;_ylt=fB           
                             VJTi6hs_hriDDbwQ9u3Csb;_ylu=G3nSN2qtvnp           
                             ua9dFExyVrESYSNjlhEx52TIzSxMwF6FrE4k?p=           
                             Lyon+France+population+founded+year+sis           
                             ter+cities 200                                    
[06/12/26 16:18:12] INFO     Processing request of type           server.py:727
                             ListToolsRequest                                  
[06/12/26 16:18:15] INFO     Processing request of type           server.py:727
                             CallToolRequest                                   
Exception ignored in: <function _ProactorBasePipeTransport.__del__ at 0x000002047A2656C0>
Traceback (most recent call last):
  File "C:\Users\gupta\AppData\Roaming\uv\python\cpython-3.11.11-windows-x86_64-none\Lib\asyncio\proactor_events.py", line 116, in __del__
    _warn(f"unclosed transport {self!r}", ResourceWarning, source=self)
          ^^^^^^^^^^^^^^^^^^^^^^^^^^^^^^
  File "C:\Users\gupta\AppData\Roaming\uv\python\cpython-3.11.11-windows-x86_64-none\Lib\asyncio\proactor_events.py", line 80, in __repr__
    info.append(f'fd={self._sock.fileno()}')
                      ^^^^^^^^^^^^^^^^^^^
  File "C:\Users\gupta\AppData\Roaming\uv\python\cpython-3.11.11-windows-x86_64-none\Lib\asyncio\windows_utils.py", line 102, in fileno
    raise ValueError("I/O operation on closed pipe")
ValueError: I/O operation on closed pipe
Exception ignored in: <function BaseSubprocessTransport.__del__ at 0x000002047A247E20>
Traceback (most recent call last):
  File "C:\Users\gupta\AppData\Roaming\uv\python\cpython-3.11.11-windows-x86_64-none\Lib\asyncio\base_subprocess.py", line 125, in __del__
    _warn(f"unclosed transport {self!r}", ResourceWarning, source=self)
          ^^^^^^^^^^^^^^^^^^^^^^^^^^^^^^
  File "C:\Users\gupta\AppData\Roaming\uv\python\cpython-3.11.11-windows-x86_64-none\Lib\asyncio\base_subprocess.py", line 70, in __repr__
    info.append(f'stdin={stdin.pipe}')
                ^^^^^^^^^^^^^^^^^^^^^
  File "C:\Users\gupta\AppData\Roaming\uv\python\cpython-3.11.11-windows-x86_64-none\Lib\asyncio\proactor_events.py", line 80, in __repr__
    info.append(f'fd={self._sock.fileno()}')
                      ^^^^^^^^^^^^^^^^^^^
  File "C:\Users\gupta\AppData\Roaming\uv\python\cpython-3.11.11-windows-x86_64-none\Lib\asyncio\windows_utils.py", line 102, in fileno
    raise ValueError("I/O operation on closed pipe")
ValueError: I/O operation on closed pipe
Exception ignored in: <function _ProactorBasePipeTransport.__del__ at 0x000002047A2656C0>
Traceback (most recent call last):
  File "C:\Users\gupta\AppData\Roaming\uv\python\cpython-3.11.11-windows-x86_64-none\Lib\asyncio\proactor_events.py", line 116, in __del__
    _warn(f"unclosed transport {self!r}", ResourceWarning, source=self)
          ^^^^^^^^^^^^^^^^^^^^^^^^^^^^^^
  File "C:\Users\gupta\AppData\Roaming\uv\python\cpython-3.11.11-windows-x86_64-none\Lib\asyncio\proactor_events.py", line 80, in __repr__
    info.append(f'fd={self._sock.fileno()}')
                      ^^^^^^^^^^^^^^^^^^^
  File "C:\Users\gupta\AppData\Roaming\uv\python\cpython-3.11.11-windows-x86_64-none\Lib\asyncio\windows_utils.py", line 102, in fileno
    raise ValueError("I/O operation on closed pipe")
ValueError: I/O operation on closed pipe
[06/12/26 16:18:30] INFO     Processing request of type           server.py:727
                             CallToolRequest                                   
                    INFO     response:                               lib.rs:444
                             https://en.wikipedia.org/w/api.php?acti           
                             on=opensearch&profile=fuzzy&limit=1&sea           
                             rch=Lyon%20France%20population%20founde           
                             d%20year%20sister%20cities 200                    
[06/12/26 16:18:31] INFO     response:                               lib.rs:444
                             https://grokipedia.com/api/typeahead?qu           
                             ery=Lyon+France+population+founded+year           
                             +sister+cities&limit=1 200                        
                    INFO     response:                               lib.rs:444
                             https://yandex.com/search/site/?text=Ly           
                             on+France+population+founded+year+siste           
                             r+cities&web=1&searchid=7230122 200               
[06/12/26 16:18:32] INFO     Processing request of type           server.py:727
                             ListToolsRequest                                  
[06/12/26 16:18:34] INFO     Processing request of type           server.py:727
                             CallToolRequest                                   
                    INFO     response:                               lib.rs:444
                             https://en.wikipedia.org/w/api.php?acti           
                             on=opensearch&profile=fuzzy&limit=1&sea           
                             rch=Lyon%20France%20founded%20year%20si           
                             ster%20cities%20official%20website 200            
[06/12/26 16:18:35] INFO     response:                               lib.rs:444
                             https://grokipedia.com/api/typeahead?qu           
                             ery=Lyon+France+founded+year+sister+cit           
                             ies+official+website&limit=1 200                  
                    INFO     response:                               lib.rs:444
                             https://yandex.com/search/site/?text=Ly           
                             on+France+founded+year+sister+cities+of           
                             ficial+website&web=1&searchid=4917788             
                             200                                               
[06/12/26 16:18:38] INFO     Processing request of type           server.py:727
                             CallToolRequest                                   
[06/12/26 16:18:39] INFO     response:                               lib.rs:444
                             https://grokipedia.com/api/typeahead?qu           
                             ery=Lyon+France+sister+cities+list+offi           
                             cial&limit=1 200                                  
                    INFO     response:                               lib.rs:444
                             https://en.wikipedia.org/w/api.php?acti           
                             on=opensearch&profile=fuzzy&limit=1&sea           
                             rch=Lyon%20France%20sister%20cities%20l           
                             ist%20official 200                                
                    INFO     response: https://www.startpage.com/    lib.rs:444
                             200                                               
[06/12/26 16:18:40] INFO     response:                               lib.rs:444
                             https://www.startpage.com/sp/search 200           
[06/12/26 16:18:43] INFO     Processing request of type           server.py:727
                             CallToolRequest                                   
Exception ignored in: <function _ProactorBasePipeTransport.__del__ at 0x00000208192856C0>
Traceback (most recent call last):
  File "C:\Users\gupta\AppData\Roaming\uv\python\cpython-3.11.11-windows-x86_64-none\Lib\asyncio\proactor_events.py", line 116, in __del__
    _warn(f"unclosed transport {self!r}", ResourceWarning, source=self)
          ^^^^^^^^^^^^^^^^^^^^^^^^^^^^^^
  File "C:\Users\gupta\AppData\Roaming\uv\python\cpython-3.11.11-windows-x86_64-none\Lib\asyncio\proactor_events.py", line 80, in __repr__
    info.append(f'fd={self._sock.fileno()}')
                      ^^^^^^^^^^^^^^^^^^^
  File "C:\Users\gupta\AppData\Roaming\uv\python\cpython-3.11.11-windows-x86_64-none\Lib\asyncio\windows_utils.py", line 102, in fileno
    raise ValueError("I/O operation on closed pipe")
ValueError: I/O operation on closed pipe
Exception ignored in: <function BaseSubprocessTransport.__del__ at 0x0000020819267E20>
Traceback (most recent call last):
  File "C:\Users\gupta\AppData\Roaming\uv\python\cpython-3.11.11-windows-x86_64-none\Lib\asyncio\base_subprocess.py", line 125, in __del__
    _warn(f"unclosed transport {self!r}", ResourceWarning, source=self)
          ^^^^^^^^^^^^^^^^^^^^^^^^^^^^^^
  File "C:\Users\gupta\AppData\Roaming\uv\python\cpython-3.11.11-windows-x86_64-none\Lib\asyncio\base_subprocess.py", line 70, in __repr__
    info.append(f'stdin={stdin.pipe}')
                ^^^^^^^^^^^^^^^^^^^^^
  File "C:\Users\gupta\AppData\Roaming\uv\python\cpython-3.11.11-windows-x86_64-none\Lib\asyncio\proactor_events.py", line 80, in __repr__
    info.append(f'fd={self._sock.fileno()}')
                      ^^^^^^^^^^^^^^^^^^^
  File "C:\Users\gupta\AppData\Roaming\uv\python\cpython-3.11.11-windows-x86_64-none\Lib\asyncio\windows_utils.py", line 102, in fileno
    raise ValueError("I/O operation on closed pipe")
ValueError: I/O operation on closed pipe
Exception ignored in: <function _ProactorBasePipeTransport.__del__ at 0x00000208192856C0>
Traceback (most recent call last):
  File "C:\Users\gupta\AppData\Roaming\uv\python\cpython-3.11.11-windows-x86_64-none\Lib\asyncio\proactor_events.py", line 116, in __del__
    _warn(f"unclosed transport {self!r}", ResourceWarning, source=self)
          ^^^^^^^^^^^^^^^^^^^^^^^^^^^^^^
  File "C:\Users\gupta\AppData\Roaming\uv\python\cpython-3.11.11-windows-x86_64-none\Lib\asyncio\proactor_events.py", line 80, in __repr__
    info.append(f'fd={self._sock.fileno()}')
                      ^^^^^^^^^^^^^^^^^^^
  File "C:\Users\gupta\AppData\Roaming\uv\python\cpython-3.11.11-windows-x86_64-none\Lib\asyncio\windows_utils.py", line 102, in fileno
    raise ValueError("I/O operation on closed pipe")
ValueError: I/O operation on closed pipe
