[06/12/26 16:14:02] INFO     Processing request of type           server.py:727
                             CallToolRequest                                   
                    INFO     response:                               lib.rs:444
                             https://en.wikipedia.org/w/api.php?acti           
                             on=opensearch&profile=fuzzy&limit=1&sea           
                             rch=Lyon%20France%20population%20founde           
                             d%20year%20sister%20cities 200                    
[06/12/26 16:14:04] INFO     response:                               lib.rs:444
                             https://grokipedia.com/api/typeahead?qu           
                             ery=Lyon+France+population+founded+year           
                             +sister+cities&limit=1 200                        
                    INFO     response:                               lib.rs:444
                             https://www.google.com/search?q=Lyon+Fr           
                             ance+population+founded+year+sister+cit           
                             ies&filter=1&start=0&hl=en-US&lr=lang_e           
                             n&cr=countryUS 200                                
                    INFO     Processing request of type           server.py:727
                             ListToolsRequest                                  
[06/12/26 16:14:07] INFO     Processing request of type           server.py:727
                             CallToolRequest                                   
[06/12/26 16:14:11] INFO     Processing request of type           server.py:727
                             CallToolRequest                                   
Exception ignored in: <function _ProactorBasePipeTransport.__del__ at 0x0000029C038456C0>
Traceback (most recent call last):
  File "C:\Users\gupta\AppData\Roaming\uv\python\cpython-3.11.11-windows-x86_64-none\Lib\asyncio\proactor_events.py", line 116, in __del__
    _warn(f"unclosed transport {self!r}", ResourceWarning, source=self)
          ^^^^^^^^^^^^^^^^^^^^^^^^^^^^^^
  File "C:\Users\gupta\AppData\Roaming\uv\python\cpython-3.11.11-windows-x86_64-none\Lib\asyncio\proactor_events.py", line 80, in __repr__
    info.append(f'fd={self._sock.fileno()}')
                      ^^^^^^^^^^^^^^^^^^^
  File "C:\Users\gupta\AppData\Roaming\uv\python\cpython-3.11.11-windows-x86_64-none\Lib\asyncio\windows_utils.py", line 102, in fileno
    raise ValueError("I/O operation on closed pipe")
ValueError: I/O operation on closed pipe
Exception ignored in: <function BaseSubprocessTransport.__del__ at 0x0000029C03827E20>
Traceback (most recent call last):
  File "C:\Users\gupta\AppData\Roaming\uv\python\cpython-3.11.11-windows-x86_64-none\Lib\asyncio\base_subprocess.py", line 125, in __del__
    _warn(f"unclosed transport {self!r}", ResourceWarning, source=self)
          ^^^^^^^^^^^^^^^^^^^^^^^^^^^^^^
  File "C:\Users\gupta\AppData\Roaming\uv\python\cpython-3.11.11-windows-x86_64-none\Lib\asyncio\base_subprocess.py", line 70, in __repr__
    info.append(f'stdin={stdin.pipe}')
                ^^^^^^^^^^^^^^^^^^^^^
  File "C:\Users\gupta\AppData\Roaming\uv\python\cpython-3.11.11-windows-x86_64-none\Lib\asyncio\proactor_events.py", line 80, in __repr__
    info.append(f'fd={self._sock.fileno()}')
                      ^^^^^^^^^^^^^^^^^^^
  File "C:\Users\gupta\AppData\Roaming\uv\python\cpython-3.11.11-windows-x86_64-none\Lib\asyncio\windows_utils.py", line 102, in fileno
    raise ValueError("I/O operation on closed pipe")
ValueError: I/O operation on closed pipe
Exception ignored in: <function _ProactorBasePipeTransport.__del__ at 0x0000029C038456C0>
Traceback (most recent call last):
  File "C:\Users\gupta\AppData\Roaming\uv\python\cpython-3.11.11-windows-x86_64-none\Lib\asyncio\proactor_events.py", line 116, in __del__
    _warn(f"unclosed transport {self!r}", ResourceWarning, source=self)
          ^^^^^^^^^^^^^^^^^^^^^^^^^^^^^^
  File "C:\Users\gupta\AppData\Roaming\uv\python\cpython-3.11.11-windows-x86_64-none\Lib\asyncio\proactor_events.py", line 80, in __repr__
    info.append(f'fd={self._sock.fileno()}')
                      ^^^^^^^^^^^^^^^^^^^
  File "C:\Users\gupta\AppData\Roaming\uv\python\cpython-3.11.11-windows-x86_64-none\Lib\asyncio\windows_utils.py", line 102, in fileno
    raise ValueError("I/O operation on closed pipe")
ValueError: I/O operation on closed pipe
