[06/12/26 21:12:20] INFO     Processing request of type           server.py:727
                             CallToolRequest                                   
[06/12/26 21:12:21] INFO     response:                               lib.rs:444
                             https://en.wikipedia.org/w/api.php?acti           
                             on=opensearch&profile=fuzzy&limit=1&sea           
                             rch=current%20population%20of%20London            
                             200                                               
                    INFO     response:                               lib.rs:444
                             https://grokipedia.com/api/typeahead?qu           
                             ery=current+population+of+London&limit=           
                             1 200                                             
[06/12/26 21:12:23] INFO     response:                               lib.rs:444
                             https://www.mojeek.com/search?q=current           
                             +population+of+London 200                         
                    INFO     Processing request of type           server.py:727
                             ListToolsRequest                                  
[06/12/26 21:12:24] INFO     Processing request of type           server.py:727
                             CallToolRequest                                   
[06/12/26 21:12:25] INFO     response:                               lib.rs:444
                             https://grokipedia.com/api/typeahead?qu           
                             ery=current+population+of+Paris+France+           
                             2024+2025&limit=1 200                             
                    INFO     response:                               lib.rs:444
                             https://en.wikipedia.org/w/api.php?acti           
                             on=opensearch&profile=fuzzy&limit=1&sea           
                             rch=current%20population%20of%20Paris%2           
                             0France%202024%202025 200                         
                    INFO     HTTP Request: POST                 _client.py:1025
                             https://html.duckduckgo.com/html/                 
                             "HTTP/2 202 Accepted"                             
[06/12/26 21:12:26] INFO     response:                               lib.rs:444
                             https://www.google.com/search?q=current           
                             +population+of+Paris+France+2024+2025&f           
                             ilter=1&start=0&hl=en-US&lr=lang_en&cr=           
                             countryUS 200                                     
                    INFO     Processing request of type           server.py:727
                             ListToolsRequest                                  
[06/12/26 21:12:29] INFO     Processing request of type           server.py:727
                             CallToolRequest                                   
[06/12/26 21:12:32] INFO     Processing request of type           server.py:727
                             CallToolRequest                                   
[06/12/26 21:12:33] INFO     response:                               lib.rs:444
                             https://en.wikipedia.org/w/api.php?acti           
                             on=opensearch&profile=fuzzy&limit=1&sea           
                             rch=current%20population%20of%20Berlin%           
                             202024%202025 200                                 
[06/12/26 21:12:34] INFO     response:                               lib.rs:444
                             https://grokipedia.com/api/typeahead?qu           
                             ery=current+population+of+Berlin+2024+2           
                             025&limit=1 200                                   
[06/12/26 21:12:35] INFO     response:                               lib.rs:444
                             https://www.mojeek.com/search?q=current           
                             +population+of+Berlin+2024+2025 200               
                    INFO     Processing request of type           server.py:727
                             ListToolsRequest                                  
[06/12/26 21:12:36] INFO     Processing request of type           server.py:727
                             CallToolRequest                                   
[06/12/26 21:12:41] INFO     Processing request of type           server.py:727
                             CallToolRequest                                   
[06/12/26 21:12:45] INFO     Processing request of type           server.py:727
                             CallToolRequest                                   
[06/12/26 21:12:49] INFO     Processing request of type           server.py:727
                             CallToolRequest                                   
Exception ignored in: <function _ProactorBasePipeTransport.__del__ at 0x000001954E4C56C0>
Traceback (most recent call last):
  File "C:\Users\gupta\AppData\Roaming\uv\python\cpython-3.11.11-windows-x86_64-none\Lib\asyncio\proactor_events.py", line 116, in __del__
    _warn(f"unclosed transport {self!r}", ResourceWarning, source=self)
          ^^^^^^^^^^^^^^^^^^^^^^^^^^^^^^
  File "C:\Users\gupta\AppData\Roaming\uv\python\cpython-3.11.11-windows-x86_64-none\Lib\asyncio\proactor_events.py", line 80, in __repr__
    info.append(f'fd={self._sock.fileno()}')
                      ^^^^^^^^^^^^^^^^^^^
  File "C:\Users\gupta\AppData\Roaming\uv\python\cpython-3.11.11-windows-x86_64-none\Lib\asyncio\windows_utils.py", line 102, in fileno
    raise ValueError("I/O operation on closed pipe")
ValueError: I/O operation on closed pipe
Exception ignored in: <function BaseSubprocessTransport.__del__ at 0x000001954E4A7E20>
Traceback (most recent call last):
  File "C:\Users\gupta\AppData\Roaming\uv\python\cpython-3.11.11-windows-x86_64-none\Lib\asyncio\base_subprocess.py", line 125, in __del__
    _warn(f"unclosed transport {self!r}", ResourceWarning, source=self)
          ^^^^^^^^^^^^^^^^^^^^^^^^^^^^^^
  File "C:\Users\gupta\AppData\Roaming\uv\python\cpython-3.11.11-windows-x86_64-none\Lib\asyncio\base_subprocess.py", line 70, in __repr__
    info.append(f'stdin={stdin.pipe}')
                ^^^^^^^^^^^^^^^^^^^^^
  File "C:\Users\gupta\AppData\Roaming\uv\python\cpython-3.11.11-windows-x86_64-none\Lib\asyncio\proactor_events.py", line 80, in __repr__
    info.append(f'fd={self._sock.fileno()}')
                      ^^^^^^^^^^^^^^^^^^^
  File "C:\Users\gupta\AppData\Roaming\uv\python\cpython-3.11.11-windows-x86_64-none\Lib\asyncio\windows_utils.py", line 102, in fileno
    raise ValueError("I/O operation on closed pipe")
ValueError: I/O operation on closed pipe
Exception ignored in: <function _ProactorBasePipeTransport.__del__ at 0x000001954E4C56C0>
Traceback (most recent call last):
  File "C:\Users\gupta\AppData\Roaming\uv\python\cpython-3.11.11-windows-x86_64-none\Lib\asyncio\proactor_events.py", line 116, in __del__
    _warn(f"unclosed transport {self!r}", ResourceWarning, source=self)
          ^^^^^^^^^^^^^^^^^^^^^^^^^^^^^^
  File "C:\Users\gupta\AppData\Roaming\uv\python\cpython-3.11.11-windows-x86_64-none\Lib\asyncio\proactor_events.py", line 80, in __repr__
    info.append(f'fd={self._sock.fileno()}')
                      ^^^^^^^^^^^^^^^^^^^
  File "C:\Users\gupta\AppData\Roaming\uv\python\cpython-3.11.11-windows-x86_64-none\Lib\asyncio\windows_utils.py", line 102, in fileno
    raise ValueError("I/O operation on closed pipe")
ValueError: I/O operation on closed pipe
Exception ignored in: <function _ProactorBasePipeTransport.__del__ at 0x000001954E4C56C0>
Traceback (most recent call last):
  File "C:\Users\gupta\AppData\Roaming\uv\python\cpython-3.11.11-windows-x86_64-none\Lib\asyncio\proactor_events.py", line 116, in __del__
    _warn(f"unclosed transport {self!r}", ResourceWarning, source=self)
          ^^^^^^^^^^^^^^^^^^^^^^^^^^^^^^
  File "C:\Users\gupta\AppData\Roaming\uv\python\cpython-3.11.11-windows-x86_64-none\Lib\asyncio\proactor_events.py", line 80, in __repr__
    info.append(f'fd={self._sock.fileno()}')
                      ^^^^^^^^^^^^^^^^^^^
  File "C:\Users\gupta\AppData\Roaming\uv\python\cpython-3.11.11-windows-x86_64-none\Lib\asyncio\windows_utils.py", line 102, in fileno
    raise ValueError("I/O operation on closed pipe")
ValueError: I/O operation on closed pipe
Exception ignored in: <function BaseSubprocessTransport.__del__ at 0x000001954E4A7E20>
Traceback (most recent call last):
  File "C:\Users\gupta\AppData\Roaming\uv\python\cpython-3.11.11-windows-x86_64-none\Lib\asyncio\base_subprocess.py", line 125, in __del__
    _warn(f"unclosed transport {self!r}", ResourceWarning, source=self)
          ^^^^^^^^^^^^^^^^^^^^^^^^^^^^^^
  File "C:\Users\gupta\AppData\Roaming\uv\python\cpython-3.11.11-windows-x86_64-none\Lib\asyncio\base_subprocess.py", line 70, in __repr__
    info.append(f'stdin={stdin.pipe}')
                ^^^^^^^^^^^^^^^^^^^^^
  File "C:\Users\gupta\AppData\Roaming\uv\python\cpython-3.11.11-windows-x86_64-none\Lib\asyncio\proactor_events.py", line 80, in __repr__
    info.append(f'fd={self._sock.fileno()}')
                      ^^^^^^^^^^^^^^^^^^^
  File "C:\Users\gupta\AppData\Roaming\uv\python\cpython-3.11.11-windows-x86_64-none\Lib\asyncio\windows_utils.py", line 102, in fileno
    raise ValueError("I/O operation on closed pipe")
ValueError: I/O operation on closed pipe
Exception ignored in: <function _ProactorBasePipeTransport.__del__ at 0x000001954E4C56C0>
Traceback (most recent call last):
  File "C:\Users\gupta\AppData\Roaming\uv\python\cpython-3.11.11-windows-x86_64-none\Lib\asyncio\proactor_events.py", line 116, in __del__
    _warn(f"unclosed transport {self!r}", ResourceWarning, source=self)
          ^^^^^^^^^^^^^^^^^^^^^^^^^^^^^^
  File "C:\Users\gupta\AppData\Roaming\uv\python\cpython-3.11.11-windows-x86_64-none\Lib\asyncio\proactor_events.py", line 80, in __repr__
    info.append(f'fd={self._sock.fileno()}')
                      ^^^^^^^^^^^^^^^^^^^
  File "C:\Users\gupta\AppData\Roaming\uv\python\cpython-3.11.11-windows-x86_64-none\Lib\asyncio\windows_utils.py", line 102, in fileno
    raise ValueError("I/O operation on closed pipe")
ValueError: I/O operation on closed pipe
Exception ignored in: <function _ProactorBasePipeTransport.__del__ at 0x0000025435E256C0>
Traceback (most recent call last):
  File "C:\Users\gupta\AppData\Roaming\uv\python\cpython-3.11.11-windows-x86_64-none\Lib\asyncio\proactor_events.py", line 116, in __del__
    _warn(f"unclosed transport {self!r}", ResourceWarning, source=self)
          ^^^^^^^^^^^^^^^^^^^^^^^^^^^^^^
  File "C:\Users\gupta\AppData\Roaming\uv\python\cpython-3.11.11-windows-x86_64-none\Lib\asyncio\proactor_events.py", line 80, in __repr__
    info.append(f'fd={self._sock.fileno()}')
                      ^^^^^^^^^^^^^^^^^^^
  File "C:\Users\gupta\AppData\Roaming\uv\python\cpython-3.11.11-windows-x86_64-none\Lib\asyncio\windows_utils.py", line 102, in fileno
    raise ValueError("I/O operation on closed pipe")
ValueError: I/O operation on closed pipe
Exception ignored in: <function BaseSubprocessTransport.__del__ at 0x0000025435E07E20>
Traceback (most recent call last):
  File "C:\Users\gupta\AppData\Roaming\uv\python\cpython-3.11.11-windows-x86_64-none\Lib\asyncio\base_subprocess.py", line 125, in __del__
    _warn(f"unclosed transport {self!r}", ResourceWarning, source=self)
          ^^^^^^^^^^^^^^^^^^^^^^^^^^^^^^
  File "C:\Users\gupta\AppData\Roaming\uv\python\cpython-3.11.11-windows-x86_64-none\Lib\asyncio\base_subprocess.py", line 70, in __repr__
    info.append(f'stdin={stdin.pipe}')
                ^^^^^^^^^^^^^^^^^^^^^
  File "C:\Users\gupta\AppData\Roaming\uv\python\cpython-3.11.11-windows-x86_64-none\Lib\asyncio\proactor_events.py", line 80, in __repr__
    info.append(f'fd={self._sock.fileno()}')
                      ^^^^^^^^^^^^^^^^^^^
  File "C:\Users\gupta\AppData\Roaming\uv\python\cpython-3.11.11-windows-x86_64-none\Lib\asyncio\windows_utils.py", line 102, in fileno
    raise ValueError("I/O operation on closed pipe")
ValueError: I/O operation on closed pipe
Exception ignored in: <function _ProactorBasePipeTransport.__del__ at 0x0000025435E256C0>
Traceback (most recent call last):
  File "C:\Users\gupta\AppData\Roaming\uv\python\cpython-3.11.11-windows-x86_64-none\Lib\asyncio\proactor_events.py", line 116, in __del__
    _warn(f"unclosed transport {self!r}", ResourceWarning, source=self)
          ^^^^^^^^^^^^^^^^^^^^^^^^^^^^^^
  File "C:\Users\gupta\AppData\Roaming\uv\python\cpython-3.11.11-windows-x86_64-none\Lib\asyncio\proactor_events.py", line 80, in __repr__
    info.append(f'fd={self._sock.fileno()}')
                      ^^^^^^^^^^^^^^^^^^^
  File "C:\Users\gupta\AppData\Roaming\uv\python\cpython-3.11.11-windows-x86_64-none\Lib\asyncio\windows_utils.py", line 102, in fileno
    raise ValueError("I/O operation on closed pipe")
ValueError: I/O operation on closed pipe
Exception ignored in: <function _ProactorBasePipeTransport.__del__ at 0x00000193FAE056C0>
Traceback (most recent call last):
  File "C:\Users\gupta\AppData\Roaming\uv\python\cpython-3.11.11-windows-x86_64-none\Lib\asyncio\proactor_events.py", line 116, in __del__
    _warn(f"unclosed transport {self!r}", ResourceWarning, source=self)
          ^^^^^^^^^^^^^^^^^^^^^^^^^^^^^^
  File "C:\Users\gupta\AppData\Roaming\uv\python\cpython-3.11.11-windows-x86_64-none\Lib\asyncio\proactor_events.py", line 80, in __repr__
    info.append(f'fd={self._sock.fileno()}')
                      ^^^^^^^^^^^^^^^^^^^
  File "C:\Users\gupta\AppData\Roaming\uv\python\cpython-3.11.11-windows-x86_64-none\Lib\asyncio\windows_utils.py", line 102, in fileno
    raise ValueError("I/O operation on closed pipe")
ValueError: I/O operation on closed pipe
Exception ignored in: <function BaseSubprocessTransport.__del__ at 0x00000193FADE7E20>
Traceback (most recent call last):
  File "C:\Users\gupta\AppData\Roaming\uv\python\cpython-3.11.11-windows-x86_64-none\Lib\asyncio\base_subprocess.py", line 125, in __del__
    _warn(f"unclosed transport {self!r}", ResourceWarning, source=self)
          ^^^^^^^^^^^^^^^^^^^^^^^^^^^^^^
  File "C:\Users\gupta\AppData\Roaming\uv\python\cpython-3.11.11-windows-x86_64-none\Lib\asyncio\base_subprocess.py", line 70, in __repr__
    info.append(f'stdin={stdin.pipe}')
                ^^^^^^^^^^^^^^^^^^^^^
  File "C:\Users\gupta\AppData\Roaming\uv\python\cpython-3.11.11-windows-x86_64-none\Lib\asyncio\proactor_events.py", line 80, in __repr__
    info.append(f'fd={self._sock.fileno()}')
                      ^^^^^^^^^^^^^^^^^^^
  File "C:\Users\gupta\AppData\Roaming\uv\python\cpython-3.11.11-windows-x86_64-none\Lib\asyncio\windows_utils.py", line 102, in fileno
    raise ValueError("I/O operation on closed pipe")
ValueError: I/O operation on closed pipe
Exception ignored in: <function _ProactorBasePipeTransport.__del__ at 0x00000193FAE056C0>
Traceback (most recent call last):
  File "C:\Users\gupta\AppData\Roaming\uv\python\cpython-3.11.11-windows-x86_64-none\Lib\asyncio\proactor_events.py", line 116, in __del__
    _warn(f"unclosed transport {self!r}", ResourceWarning, source=self)
          ^^^^^^^^^^^^^^^^^^^^^^^^^^^^^^
  File "C:\Users\gupta\AppData\Roaming\uv\python\cpython-3.11.11-windows-x86_64-none\Lib\asyncio\proactor_events.py", line 80, in __repr__
    info.append(f'fd={self._sock.fileno()}')
                      ^^^^^^^^^^^^^^^^^^^
  File "C:\Users\gupta\AppData\Roaming\uv\python\cpython-3.11.11-windows-x86_64-none\Lib\asyncio\windows_utils.py", line 102, in fileno
    raise ValueError("I/O operation on closed pipe")
ValueError: I/O operation on closed pipe
